<?xml version="1.0" encoding="UTF-8"?>
<!-- Generated by org.testng.reporters.JUnitReportReporter -->
<testsuite hostname="Rishi-pc" failures="1" tests="18" name="listener.orangeHrm" time="5.101" errors="0" timestamp="2025-06-28T11:43:33 IST" skipped="1">
  <testcase classname="listener.orangeHrm" name="testHomePageLoad" time="0.001"/>
  <testcase classname="listener.orangeHrm" name="testUserCreation" time="0.004"/>
  <testcase classname="listener.orangeHrm" name="testAuditLogs" time="0.013"/>
  <testcase classname="listener.orangeHrm" name="testRoleManagement" time="0.002"/>
  <testcase classname="listener.orangeHrm" name="testHelpSection" time="0.001"/>
  <testcase classname="listener.orangeHrm" name="testProfileUpdate" time="0.003"/>
  <testcase classname="listener.orangeHrm" name="testReportsGeneration" time="0.002"/>
  <testcase classname="listener.orangeHrm" name="testSearchFunctionality" time="0.001"/>
  <testcase classname="listener.orangeHrm" name="testDashboard" time="0.001"/>
  <testcase classname="listener.orangeHrm" name="testLogin" time="0.001"/>
  <testcase classname="listener.orangeHrm" name="testNotificationPanel" time="0.002"/>
  <testcase classname="listener.orangeHrm" name="testLogout" time="0.002"/>
  <testcase classname="listener.orangeHrm" name="testUserDeletion" time="0.002"/>
  <testcase classname="listener.orangeHrm" name="testSettingsPage" time="0.002"/>
  <testcase classname="listener.orangeHrm" name="testThemeChange" time="0.002"/>
  <testcase classname="listener.orangeHrm" name="testlogo" time="5.050"/>
  <testcase classname="listener.orangeHrm" name="testAppurl" time="0.012">
    <failure message="expected [https://opensource-demo.orangehrmlive.com/] but found [https://opensource-demo.orangehrmlive.com/web/index.php/auth/login]" type="java.lang.AssertionError">
      <![CDATA[java.lang.AssertionError: expected [https://opensource-demo.orangehrmlive.com/] but found [https://opensource-demo.orangehrmlive.com/web/index.php/auth/login]
at org.testng.Assert.fail(Assert.java:111)
at org.testng.Assert.failNotEquals(Assert.java:1590)
at org.testng.Assert.assertEqualsImpl(Assert.java:150)
at org.testng.Assert.assertEquals(Assert.java:132)
at org.testng.Assert.assertEquals(Assert.java:656)
at org.testng.Assert.assertEquals(Assert.java:666)
at listener.orangeHrm.testAppurl(orangeHrm.java:40)
at java.base/jdk.internal.reflect.DirectMethodHandleAccessor.invoke(DirectMethodHandleAccessor.java:104)
at java.base/java.lang.reflect.Method.invoke(Method.java:565)
at org.testng.internal.invokers.MethodInvocationHelper.invokeMethod(MethodInvocationHelper.java:141)
at org.testng.internal.invokers.TestInvoker.invokeMethod(TestInvoker.java:687)
at org.testng.internal.invokers.TestInvoker.invokeTestMethod(TestInvoker.java:230)
at org.testng.internal.invokers.MethodRunner.runInSequence(MethodRunner.java:63)
at org.testng.internal.invokers.TestInvoker$MethodInvocationAgent.invoke(TestInvoker.java:995)
at org.testng.internal.invokers.TestInvoker.invokeTestMethods(TestInvoker.java:203)
at org.testng.internal.invokers.TestMethodWorker.invokeTestMethods(TestMethodWorker.java:154)
at org.testng.internal.invokers.TestMethodWorker.run(TestMethodWorker.java:134)
at java.base/java.util.ArrayList.forEach(ArrayList.java:1604)
at org.testng.TestRunner.privateRun(TestRunner.java:741)
at org.testng.TestRunner.run(TestRunner.java:616)
at org.testng.SuiteRunner.runTest(SuiteRunner.java:421)
at org.testng.SuiteRunner.runSequentially(SuiteRunner.java:413)
at org.testng.SuiteRunner.privateRun(SuiteRunner.java:373)
at org.testng.SuiteRunner.run(SuiteRunner.java:312)
at org.testng.SuiteRunnerWorker.runSuite(SuiteRunnerWorker.java:52)
at org.testng.SuiteRunnerWorker.run(SuiteRunnerWorker.java:95)
at org.testng.TestNG.runSuitesSequentially(TestNG.java:1274)
at org.testng.TestNG.runSuitesLocally(TestNG.java:1208)
at org.testng.TestNG.runSuites(TestNG.java:1112)
at org.testng.TestNG.run(TestNG.java:1079)
at org.testng.remote.AbstractRemoteTestNG.run(AbstractRemoteTestNG.java:115)
at org.testng.remote.RemoteTestNG.initAndRun(RemoteTestNG.java:293)
at org.testng.remote.RemoteTestNG.main(RemoteTestNG.java:91)
]]>
    </failure>
  </testcase> <!-- testAppurl -->
  <testcase classname="listener.orangeHrm" name="testHomePagetitle" time="0.000">
    <skipped/>
  </testcase> <!-- testHomePagetitle -->
</testsuite> <!-- listener.orangeHrm -->
